<?xml version="1.0" encoding="UTF-8" ?>
<testsuite errors="0" failures="1" hostname="spman_x" name="test.Test" skipped="0" tests="1" time="0.04" timestamp="2015-05-03T23:55:43">
  <properties>
[...]
</properties>
  <testcase classname="junit.framework.TestSuite$1" name="warning" time="0.005">
    <failure message="No tests found in test.Test" type="junit.framework.AssertionFailedError">junit.framework.AssertionFailedError: No tests found in test.Test
</failure>
  </testcase>
  <system-out><![CDATA[]]></system-out>
  <system-err><![CDATA[]]></system-err>
</testsuite>
